<?xml version="1.0" encoding="UTF-8"?>
<testng-results skipped="0" failed="0" total="1" passed="1">
  <reporter-output>
  </reporter-output>
  <suite name="Surefire suite" duration-ms="3079" started-at="2021-04-28T20:25:17Z" finished-at="2021-04-28T20:25:20Z">
    <groups>
    </groups>
    <test name="Surefire test" duration-ms="3079" started-at="2021-04-28T20:25:17Z" finished-at="2021-04-28T20:25:20Z">
      <class name="Mvn.DemoMavenProject.DemoOneTest">
        <test-method status="PASS" signature="testPrintHelloWorld()[pri:0, instance:testPrintHelloWorld(Mvn.DemoMavenProject.DemoOneTest)]" name="testPrintHelloWorld" duration-ms="2" started-at="2021-04-29T01:55:17Z" finished-at="2021-04-29T01:55:17Z">
          <reporter-output>
          </reporter-output>
        </test-method> <!-- testPrintHelloWorld -->
      </class> <!-- Mvn.DemoMavenProject.DemoOneTest -->
    </test> <!-- Surefire test -->
  </suite> <!-- Surefire suite -->
</testng-results>
