<?xml version="1.0" encoding="UTF-8"?>
<testng-results skipped="0" failed="0" total="1" passed="1">
  <reporter-output>
  </reporter-output>
  <suite name="Surefire suite" duration-ms="1422" started-at="2021-05-24T15:24:46Z" finished-at="2021-05-24T15:24:47Z">
    <groups>
    </groups>
    <test name="Surefire test" duration-ms="1422" started-at="2021-05-24T15:24:46Z" finished-at="2021-05-24T15:24:47Z">
      <class name="Mvn.DemoMavenProject.DemoOneTest">
        <test-method status="PASS" signature="testPrintHelloWorld()[pri:0, instance:testPrintHelloWorld(Mvn.DemoMavenProject.DemoOneTest)]" name="testPrintHelloWorld" duration-ms="0" started-at="2021-05-24T20:54:46Z" finished-at="2021-05-24T20:54:46Z">
          <reporter-output>
          </reporter-output>
        </test-method> <!-- testPrintHelloWorld -->
      </class> <!-- Mvn.DemoMavenProject.DemoOneTest -->
    </test> <!-- Surefire test -->
  </suite> <!-- Surefire suite -->
</testng-results>
